{"D:\\Decentralized Attendance System\\decentralized-attendance-system\\backend\\controllers\\AdminController\\adminUserController.js": {"path":"D:\\Decentralized Attendance System\\decentralized-attendance-system\\backend\\controllers\\AdminController\\adminUserController.js","statementMap":{"0":{"start":{"line":3,"column":15},"end":{"line":3,"column":34}},"1":{"start":{"line":4,"column":13},"end":{"line":4,"column":41}},"2":{"start":{"line":5,"column":16},"end":{"line":5,"column":47}},"3":{"start":{"line":6,"column":16},"end":{"line":6,"column":47}},"4":{"start":{"line":7,"column":14},"end":{"line":7,"column":43}},"5":{"start":{"line":8,"column":15},"end":{"line":8,"column":45}},"6":{"start":{"line":9,"column":20},"end":{"line":9,"column":46}},"7":{"start":{"line":10,"column":29},"end":{"line":10,"column":57}},"8":{"start":{"line":11,"column":15},"end":{"line":11,"column":44}},"9":{"start":{"line":12,"column":13},"end":{"line":12,"column":41}},"10":{"start":{"line":13,"column":16},"end":{"line":13,"column":47}},"11":{"start":{"line":14,"column":16},"end":{"line":14,"column":47}},"12":{"start":{"line":17,"column":0},"end":{"line":78,"column":2}},"13":{"start":{"line":18,"column":19},"end":{"line":18,"column":40}},"14":{"start":{"line":19,"column":4},"end":{"line":21,"column":5}},"15":{"start":{"line":20,"column":8},"end":{"line":20,"column":64}},"16":{"start":{"line":23,"column":76},"end":{"line":23,"column":84}},"17":{"start":{"line":25,"column":4},"end":{"line":77,"column":5}},"18":{"start":{"line":27,"column":19},"end":{"line":27,"column":48}},"19":{"start":{"line":28,"column":8},"end":{"line":30,"column":9}},"20":{"start":{"line":29,"column":12},"end":{"line":29,"column":76}},"21":{"start":{"line":33,"column":26},"end":{"line":33,"column":44}},"22":{"start":{"line":34,"column":26},"end":{"line":34,"column":56}},"23":{"start":{"line":35,"column":26},"end":{"line":35,"column":57}},"24":{"start":{"line":38,"column":8},"end":{"line":44,"column":11}},"25":{"start":{"line":47,"column":21},"end":{"line":47,"column":45}},"26":{"start":{"line":48,"column":8},"end":{"line":48,"column":58}},"27":{"start":{"line":49,"column":8},"end":{"line":49,"column":26}},"28":{"start":{"line":52,"column":23},"end":{"line":56,"column":10}},"29":{"start":{"line":57,"column":8},"end":{"line":57,"column":28}},"30":{"start":{"line":60,"column":24},"end":{"line":65,"column":10}},"31":{"start":{"line":66,"column":8},"end":{"line":66,"column":29}},"32":{"start":{"line":69,"column":8},"end":{"line":73,"column":11}},"33":{"start":{"line":75,"column":8},"end":{"line":75,"column":68}},"34":{"start":{"line":76,"column":8},"end":{"line":76,"column":45}},"35":{"start":{"line":82,"column":0},"end":{"line":150,"column":2}},"36":{"start":{"line":83,"column":19},"end":{"line":83,"column":40}},"37":{"start":{"line":84,"column":4},"end":{"line":86,"column":5}},"38":{"start":{"line":85,"column":8},"end":{"line":85,"column":64}},"39":{"start":{"line":88,"column":103},"end":{"line":88,"column":111}},"40":{"start":{"line":90,"column":4},"end":{"line":149,"column":5}},"41":{"start":{"line":92,"column":19},"end":{"line":92,"column":48}},"42":{"start":{"line":93,"column":8},"end":{"line":95,"column":9}},"43":{"start":{"line":94,"column":12},"end":{"line":94,"column":76}},"44":{"start":{"line":96,"column":29},"end":{"line":96,"column":60}},"45":{"start":{"line":97,"column":8},"end":{"line":99,"column":9}},"46":{"start":{"line":98,"column":12},"end":{"line":98,"column":93}},"47":{"start":{"line":102,"column":26},"end":{"line":102,"column":44}},"48":{"start":{"line":103,"column":26},"end":{"line":103,"column":56}},"49":{"start":{"line":104,"column":26},"end":{"line":104,"column":57}},"50":{"start":{"line":107,"column":8},"end":{"line":113,"column":11}},"51":{"start":{"line":116,"column":21},"end":{"line":116,"column":45}},"52":{"start":{"line":117,"column":8},"end":{"line":117,"column":58}},"53":{"start":{"line":118,"column":8},"end":{"line":118,"column":26}},"54":{"start":{"line":121,"column":23},"end":{"line":125,"column":10}},"55":{"start":{"line":126,"column":8},"end":{"line":126,"column":28}},"56":{"start":{"line":129,"column":24},"end":{"line":137,"column":10}},"57":{"start":{"line":138,"column":8},"end":{"line":138,"column":29}},"58":{"start":{"line":141,"column":8},"end":{"line":145,"column":11}},"59":{"start":{"line":147,"column":8},"end":{"line":147,"column":68}},"60":{"start":{"line":148,"column":8},"end":{"line":148,"column":45}},"61":{"start":{"line":158,"column":0},"end":{"line":227,"column":2}},"62":{"start":{"line":159,"column":19},"end":{"line":159,"column":40}},"63":{"start":{"line":160,"column":4},"end":{"line":162,"column":5}},"64":{"start":{"line":161,"column":8},"end":{"line":161,"column":64}},"65":{"start":{"line":164,"column":60},"end":{"line":164,"column":68}},"66":{"start":{"line":166,"column":4},"end":{"line":226,"column":5}},"67":{"start":{"line":168,"column":24},"end":{"line":168,"column":91}},"68":{"start":{"line":169,"column":8},"end":{"line":171,"column":9}},"69":{"start":{"line":170,"column":12},"end":{"line":170,"column":74}},"70":{"start":{"line":172,"column":28},"end":{"line":172,"column":45}},"71":{"start":{"line":173,"column":8},"end":{"line":173,"column":41}},"72":{"start":{"line":174,"column":8},"end":{"line":174,"column":28}},"73":{"start":{"line":177,"column":30},"end":{"line":177,"column":63}},"74":{"start":{"line":178,"column":8},"end":{"line":180,"column":9}},"75":{"start":{"line":179,"column":12},"end":{"line":179,"column":97}},"76":{"start":{"line":183,"column":25},"end":{"line":183,"column":99}},"77":{"start":{"line":185,"column":8},"end":{"line":187,"column":9}},"78":{"start":{"line":186,"column":12},"end":{"line":186,"column":101}},"79":{"start":{"line":190,"column":29},"end":{"line":190,"column":71}},"80":{"start":{"line":190,"column":53},"end":{"line":190,"column":70}},"81":{"start":{"line":193,"column":25},"end":{"line":201,"column":10}},"82":{"start":{"line":202,"column":8},"end":{"line":202,"column":30}},"83":{"start":{"line":205,"column":8},"end":{"line":205,"column":92}},"84":{"start":{"line":209,"column":29},"end":{"line":209,"column":78}},"85":{"start":{"line":211,"column":8},"end":{"line":215,"column":9}},"86":{"start":{"line":212,"column":12},"end":{"line":212,"column":45}},"87":{"start":{"line":213,"column":12},"end":{"line":213,"column":94}},"88":{"start":{"line":214,"column":12},"end":{"line":214,"column":33}},"89":{"start":{"line":218,"column":8},"end":{"line":221,"column":11}},"90":{"start":{"line":224,"column":8},"end":{"line":224,"column":77}},"91":{"start":{"line":225,"column":8},"end":{"line":225,"column":78}},"92":{"start":{"line":232,"column":0},"end":{"line":301,"column":2}},"93":{"start":{"line":233,"column":19},"end":{"line":233,"column":40}},"94":{"start":{"line":234,"column":4},"end":{"line":236,"column":5}},"95":{"start":{"line":235,"column":8},"end":{"line":235,"column":64}},"96":{"start":{"line":238,"column":69},"end":{"line":238,"column":77}},"97":{"start":{"line":240,"column":4},"end":{"line":300,"column":5}},"98":{"start":{"line":242,"column":30},"end":{"line":242,"column":59}},"99":{"start":{"line":243,"column":8},"end":{"line":245,"column":9}},"100":{"start":{"line":244,"column":12},"end":{"line":244,"column":72}},"101":{"start":{"line":248,"column":8},"end":{"line":254,"column":9}},"102":{"start":{"line":249,"column":28},"end":{"line":249,"column":70}},"103":{"start":{"line":250,"column":12},"end":{"line":252,"column":13}},"104":{"start":{"line":251,"column":16},"end":{"line":251,"column":78}},"105":{"start":{"line":253,"column":12},"end":{"line":253,"column":49}},"106":{"start":{"line":257,"column":8},"end":{"line":263,"column":9}},"107":{"start":{"line":258,"column":29},"end":{"line":258,"column":78}},"108":{"start":{"line":259,"column":12},"end":{"line":261,"column":13}},"109":{"start":{"line":260,"column":16},"end":{"line":260,"column":105}},"110":{"start":{"line":262,"column":12},"end":{"line":262,"column":48}},"111":{"start":{"line":266,"column":8},"end":{"line":266,"column":62}},"112":{"start":{"line":266,"column":24},"end":{"line":266,"column":62}},"113":{"start":{"line":267,"column":8},"end":{"line":274,"column":9}},"114":{"start":{"line":269,"column":35},"end":{"line":269,"column":68}},"115":{"start":{"line":270,"column":12},"end":{"line":272,"column":13}},"116":{"start":{"line":271,"column":16},"end":{"line":271,"column":102}},"117":{"start":{"line":273,"column":12},"end":{"line":273,"column":46}},"118":{"start":{"line":277,"column":8},"end":{"line":277,"column":35}},"119":{"start":{"line":280,"column":28},"end":{"line":280,"column":70}},"120":{"start":{"line":281,"column":8},"end":{"line":284,"column":9}},"121":{"start":{"line":282,"column":12},"end":{"line":282,"column":117}},"122":{"start":{"line":287,"column":29},"end":{"line":287,"column":86}},"123":{"start":{"line":288,"column":8},"end":{"line":291,"column":11}},"124":{"start":{"line":289,"column":12},"end":{"line":289,"column":113}},"125":{"start":{"line":293,"column":8},"end":{"line":296,"column":11}},"126":{"start":{"line":298,"column":8},"end":{"line":298,"column":62}},"127":{"start":{"line":299,"column":8},"end":{"line":299,"column":45}},"128":{"start":{"line":304,"column":0},"end":{"line":337,"column":2}},"129":{"start":{"line":305,"column":36},"end":{"line":305,"column":44}},"130":{"start":{"line":307,"column":4},"end":{"line":336,"column":5}},"131":{"start":{"line":309,"column":8},"end":{"line":311,"column":9}},"132":{"start":{"line":310,"column":12},"end":{"line":310,"column":81}},"133":{"start":{"line":314,"column":28},"end":{"line":314,"column":57}},"134":{"start":{"line":315,"column":8},"end":{"line":317,"column":9}},"135":{"start":{"line":316,"column":12},"end":{"line":316,"column":73}},"136":{"start":{"line":321,"column":27},"end":{"line":326,"column":10}},"137":{"start":{"line":329,"column":8},"end":{"line":329,"column":32}},"138":{"start":{"line":332,"column":8},"end":{"line":332,"column":95}},"139":{"start":{"line":334,"column":8},"end":{"line":334,"column":56}},"140":{"start":{"line":335,"column":8},"end":{"line":335,"column":83}},"141":{"start":{"line":340,"column":0},"end":{"line":369,"column":2}},"142":{"start":{"line":341,"column":4},"end":{"line":368,"column":5}},"143":{"start":{"line":343,"column":25},"end":{"line":343,"column":79}},"144":{"start":{"line":346,"column":8},"end":{"line":348,"column":9}},"145":{"start":{"line":347,"column":12},"end":{"line":347,"column":74}},"146":{"start":{"line":351,"column":34},"end":{"line":358,"column":11}},"147":{"start":{"line":351,"column":68},"end":{"line":358,"column":9}},"148":{"start":{"line":361,"column":8},"end":{"line":364,"column":11}},"149":{"start":{"line":366,"column":8},"end":{"line":366,"column":57}},"150":{"start":{"line":367,"column":8},"end":{"line":367,"column":89}},"151":{"start":{"line":374,"column":0},"end":{"line":382,"column":2}},"152":{"start":{"line":375,"column":4},"end":{"line":381,"column":5}},"153":{"start":{"line":376,"column":25},"end":{"line":376,"column":94}},"154":{"start":{"line":377,"column":8},"end":{"line":377,"column":76}},"155":{"start":{"line":379,"column":8},"end":{"line":379,"column":68}},"156":{"start":{"line":380,"column":8},"end":{"line":380,"column":45}},"157":{"start":{"line":385,"column":0},"end":{"line":393,"column":2}},"158":{"start":{"line":386,"column":4},"end":{"line":392,"column":5}},"159":{"start":{"line":387,"column":25},"end":{"line":387,"column":94}},"160":{"start":{"line":388,"column":8},"end":{"line":388,"column":77}},"161":{"start":{"line":390,"column":8},"end":{"line":390,"column":68}},"162":{"start":{"line":391,"column":8},"end":{"line":391,"column":45}},"163":{"start":{"line":396,"column":0},"end":{"line":407,"column":2}},"164":{"start":{"line":397,"column":4},"end":{"line":406,"column":5}},"165":{"start":{"line":398,"column":24},"end":{"line":398,"column":119}},"166":{"start":{"line":399,"column":8},"end":{"line":401,"column":9}},"167":{"start":{"line":400,"column":12},"end":{"line":400,"column":74}},"168":{"start":{"line":402,"column":8},"end":{"line":402,"column":38}},"169":{"start":{"line":404,"column":8},"end":{"line":404,"column":79}},"170":{"start":{"line":405,"column":8},"end":{"line":405,"column":45}},"171":{"start":{"line":410,"column":0},"end":{"line":421,"column":2}},"172":{"start":{"line":411,"column":4},"end":{"line":420,"column":5}},"173":{"start":{"line":412,"column":24},"end":{"line":412,"column":119}},"174":{"start":{"line":413,"column":8},"end":{"line":415,"column":9}},"175":{"start":{"line":414,"column":12},"end":{"line":414,"column":74}},"176":{"start":{"line":416,"column":8},"end":{"line":416,"column":38}},"177":{"start":{"line":418,"column":8},"end":{"line":418,"column":79}},"178":{"start":{"line":419,"column":8},"end":{"line":419,"column":45}},"179":{"start":{"line":423,"column":0},"end":{"line":433,"column":1}},"180":{"start":{"line":424,"column":4},"end":{"line":432,"column":5}},"181":{"start":{"line":425,"column":24},"end":{"line":425,"column":45}},"182":{"start":{"line":426,"column":8},"end":{"line":428,"column":9}},"183":{"start":{"line":427,"column":12},"end":{"line":427,"column":86}},"184":{"start":{"line":429,"column":8},"end":{"line":429,"column":69}},"185":{"start":{"line":431,"column":8},"end":{"line":431,"column":81}}},"fnMap":{"0":{"name":"(anonymous_0)","decl":{"start":{"line":17,"column":26},"end":{"line":17,"column":27}},"loc":{"start":{"line":17,"column":46},"end":{"line":78,"column":1}},"line":17},"1":{"name":"(anonymous_1)","decl":{"start":{"line":82,"column":26},"end":{"line":82,"column":27}},"loc":{"start":{"line":82,"column":46},"end":{"line":150,"column":1}},"line":82},"2":{"name":"(anonymous_2)","decl":{"start":{"line":158,"column":31},"end":{"line":158,"column":32}},"loc":{"start":{"line":158,"column":51},"end":{"line":227,"column":1}},"line":158},"3":{"name":"(anonymous_3)","decl":{"start":{"line":190,"column":42},"end":{"line":190,"column":43}},"loc":{"start":{"line":190,"column":53},"end":{"line":190,"column":70}},"line":190},"4":{"name":"(anonymous_4)","decl":{"start":{"line":232,"column":20},"end":{"line":232,"column":21}},"loc":{"start":{"line":232,"column":40},"end":{"line":301,"column":1}},"line":232},"5":{"name":"(anonymous_5)","decl":{"start":{"line":288,"column":29},"end":{"line":288,"column":30}},"loc":{"start":{"line":288,"column":40},"end":{"line":291,"column":9}},"line":288},"6":{"name":"(anonymous_6)","decl":{"start":{"line":304,"column":24},"end":{"line":304,"column":25}},"loc":{"start":{"line":304,"column":44},"end":{"line":337,"column":1}},"line":304},"7":{"name":"(anonymous_7)","decl":{"start":{"line":340,"column":25},"end":{"line":340,"column":26}},"loc":{"start":{"line":340,"column":45},"end":{"line":369,"column":1}},"line":340},"8":{"name":"(anonymous_8)","decl":{"start":{"line":351,"column":47},"end":{"line":351,"column":48}},"loc":{"start":{"line":351,"column":68},"end":{"line":358,"column":9}},"line":351},"9":{"name":"(anonymous_9)","decl":{"start":{"line":374,"column":25},"end":{"line":374,"column":26}},"loc":{"start":{"line":374,"column":45},"end":{"line":382,"column":1}},"line":374},"10":{"name":"(anonymous_10)","decl":{"start":{"line":385,"column":25},"end":{"line":385,"column":26}},"loc":{"start":{"line":385,"column":45},"end":{"line":393,"column":1}},"line":385},"11":{"name":"(anonymous_11)","decl":{"start":{"line":396,"column":25},"end":{"line":396,"column":26}},"loc":{"start":{"line":396,"column":45},"end":{"line":407,"column":1}},"line":396},"12":{"name":"(anonymous_12)","decl":{"start":{"line":410,"column":25},"end":{"line":410,"column":26}},"loc":{"start":{"line":410,"column":45},"end":{"line":421,"column":1}},"line":410},"13":{"name":"(anonymous_13)","decl":{"start":{"line":423,"column":24},"end":{"line":423,"column":25}},"loc":{"start":{"line":423,"column":44},"end":{"line":433,"column":1}},"line":423}},"branchMap":{"0":{"loc":{"start":{"line":19,"column":4},"end":{"line":21,"column":5}},"type":"if","locations":[{"start":{"line":19,"column":4},"end":{"line":21,"column":5}},{"start":{},"end":{}}],"line":19},"1":{"loc":{"start":{"line":28,"column":8},"end":{"line":30,"column":9}},"type":"if","locations":[{"start":{"line":28,"column":8},"end":{"line":30,"column":9}},{"start":{},"end":{}}],"line":28},"2":{"loc":{"start":{"line":84,"column":4},"end":{"line":86,"column":5}},"type":"if","locations":[{"start":{"line":84,"column":4},"end":{"line":86,"column":5}},{"start":{},"end":{}}],"line":84},"3":{"loc":{"start":{"line":93,"column":8},"end":{"line":95,"column":9}},"type":"if","locations":[{"start":{"line":93,"column":8},"end":{"line":95,"column":9}},{"start":{},"end":{}}],"line":93},"4":{"loc":{"start":{"line":97,"column":8},"end":{"line":99,"column":9}},"type":"if","locations":[{"start":{"line":97,"column":8},"end":{"line":99,"column":9}},{"start":{},"end":{}}],"line":97},"5":{"loc":{"start":{"line":160,"column":4},"end":{"line":162,"column":5}},"type":"if","locations":[{"start":{"line":160,"column":4},"end":{"line":162,"column":5}},{"start":{},"end":{}}],"line":160},"6":{"loc":{"start":{"line":169,"column":8},"end":{"line":171,"column":9}},"type":"if","locations":[{"start":{"line":169,"column":8},"end":{"line":171,"column":9}},{"start":{},"end":{}}],"line":169},"7":{"loc":{"start":{"line":178,"column":8},"end":{"line":180,"column":9}},"type":"if","locations":[{"start":{"line":178,"column":8},"end":{"line":180,"column":9}},{"start":{},"end":{}}],"line":178},"8":{"loc":{"start":{"line":185,"column":8},"end":{"line":187,"column":9}},"type":"if","locations":[{"start":{"line":185,"column":8},"end":{"line":187,"column":9}},{"start":{},"end":{}}],"line":185},"9":{"loc":{"start":{"line":234,"column":4},"end":{"line":236,"column":5}},"type":"if","locations":[{"start":{"line":234,"column":4},"end":{"line":236,"column":5}},{"start":{},"end":{}}],"line":234},"10":{"loc":{"start":{"line":243,"column":8},"end":{"line":245,"column":9}},"type":"if","locations":[{"start":{"line":243,"column":8},"end":{"line":245,"column":9}},{"start":{},"end":{}}],"line":243},"11":{"loc":{"start":{"line":248,"column":8},"end":{"line":254,"column":9}},"type":"if","locations":[{"start":{"line":248,"column":8},"end":{"line":254,"column":9}},{"start":{},"end":{}}],"line":248},"12":{"loc":{"start":{"line":250,"column":12},"end":{"line":252,"column":13}},"type":"if","locations":[{"start":{"line":250,"column":12},"end":{"line":252,"column":13}},{"start":{},"end":{}}],"line":250},"13":{"loc":{"start":{"line":257,"column":8},"end":{"line":263,"column":9}},"type":"if","locations":[{"start":{"line":257,"column":8},"end":{"line":263,"column":9}},{"start":{},"end":{}}],"line":257},"14":{"loc":{"start":{"line":257,"column":12},"end":{"line":257,"column":47}},"type":"binary-expr","locations":[{"start":{"line":257,"column":12},"end":{"line":257,"column":22}},{"start":{"line":257,"column":26},"end":{"line":257,"column":47}}],"line":257},"15":{"loc":{"start":{"line":259,"column":12},"end":{"line":261,"column":13}},"type":"if","locations":[{"start":{"line":259,"column":12},"end":{"line":261,"column":13}},{"start":{},"end":{}}],"line":259},"16":{"loc":{"start":{"line":266,"column":8},"end":{"line":266,"column":62}},"type":"if","locations":[{"start":{"line":266,"column":8},"end":{"line":266,"column":62}},{"start":{},"end":{}}],"line":266},"17":{"loc":{"start":{"line":267,"column":8},"end":{"line":274,"column":9}},"type":"if","locations":[{"start":{"line":267,"column":8},"end":{"line":274,"column":9}},{"start":{},"end":{}}],"line":267},"18":{"loc":{"start":{"line":270,"column":12},"end":{"line":272,"column":13}},"type":"if","locations":[{"start":{"line":270,"column":12},"end":{"line":272,"column":13}},{"start":{},"end":{}}],"line":270},"19":{"loc":{"start":{"line":270,"column":16},"end":{"line":270,"column":63}},"type":"binary-expr","locations":[{"start":{"line":270,"column":16},"end":{"line":270,"column":30}},{"start":{"line":270,"column":34},"end":{"line":270,"column":63}}],"line":270},"20":{"loc":{"start":{"line":281,"column":8},"end":{"line":284,"column":9}},"type":"if","locations":[{"start":{"line":281,"column":8},"end":{"line":284,"column":9}},{"start":{},"end":{}}],"line":281},"21":{"loc":{"start":{"line":309,"column":8},"end":{"line":311,"column":9}},"type":"if","locations":[{"start":{"line":309,"column":8},"end":{"line":311,"column":9}},{"start":{},"end":{}}],"line":309},"22":{"loc":{"start":{"line":309,"column":12},"end":{"line":309,"column":38}},"type":"binary-expr","locations":[{"start":{"line":309,"column":12},"end":{"line":309,"column":20}},{"start":{"line":309,"column":24},"end":{"line":309,"column":29}},{"start":{"line":309,"column":33},"end":{"line":309,"column":38}}],"line":309},"23":{"loc":{"start":{"line":315,"column":8},"end":{"line":317,"column":9}},"type":"if","locations":[{"start":{"line":315,"column":8},"end":{"line":317,"column":9}},{"start":{},"end":{}}],"line":315},"24":{"loc":{"start":{"line":346,"column":8},"end":{"line":348,"column":9}},"type":"if","locations":[{"start":{"line":346,"column":8},"end":{"line":348,"column":9}},{"start":{},"end":{}}],"line":346},"25":{"loc":{"start":{"line":346,"column":12},"end":{"line":346,"column":46}},"type":"binary-expr","locations":[{"start":{"line":346,"column":12},"end":{"line":346,"column":21}},{"start":{"line":346,"column":25},"end":{"line":346,"column":46}}],"line":346},"26":{"loc":{"start":{"line":354,"column":23},"end":{"line":354,"column":59}},"type":"binary-expr","locations":[{"start":{"line":354,"column":23},"end":{"line":354,"column":50}},{"start":{"line":354,"column":54},"end":{"line":354,"column":59}}],"line":354},"27":{"loc":{"start":{"line":357,"column":23},"end":{"line":357,"column":68}},"type":"cond-expr","locations":[{"start":{"line":357,"column":43},"end":{"line":357,"column":52}},{"start":{"line":357,"column":55},"end":{"line":357,"column":68}}],"line":357},"28":{"loc":{"start":{"line":399,"column":8},"end":{"line":401,"column":9}},"type":"if","locations":[{"start":{"line":399,"column":8},"end":{"line":401,"column":9}},{"start":{},"end":{}}],"line":399},"29":{"loc":{"start":{"line":413,"column":8},"end":{"line":415,"column":9}},"type":"if","locations":[{"start":{"line":413,"column":8},"end":{"line":415,"column":9}},{"start":{},"end":{}}],"line":413},"30":{"loc":{"start":{"line":426,"column":8},"end":{"line":428,"column":9}},"type":"if","locations":[{"start":{"line":426,"column":8},"end":{"line":428,"column":9}},{"start":{},"end":{}}],"line":426}},"s":{"0":1,"1":1,"2":1,"3":1,"4":1,"5":1,"6":1,"7":1,"8":1,"9":1,"10":1,"11":1,"12":1,"13":0,"14":0,"15":0,"16":0,"17":0,"18":0,"19":0,"20":0,"21":0,"22":0,"23":0,"24":0,"25":0,"26":0,"27":0,"28":0,"29":0,"30":0,"31":0,"32":0,"33":0,"34":0,"35":1,"36":0,"37":0,"38":0,"39":0,"40":0,"41":0,"42":0,"43":0,"44":0,"45":0,"46":0,"47":0,"48":0,"49":0,"50":0,"51":0,"52":0,"53":0,"54":0,"55":0,"56":0,"57":0,"58":0,"59":0,"60":0,"61":1,"62":4,"63":4,"64":0,"65":4,"66":4,"67":4,"68":0,"69":0,"70":0,"71":0,"72":0,"73":0,"74":0,"75":0,"76":0,"77":0,"78":0,"79":0,"80":0,"81":0,"82":0,"83":0,"84":0,"85":0,"86":0,"87":0,"88":0,"89":0,"90":4,"91":4,"92":1,"93":0,"94":0,"95":0,"96":0,"97":0,"98":0,"99":0,"100":0,"101":0,"102":0,"103":0,"104":0,"105":0,"106":0,"107":0,"108":0,"109":0,"110":0,"111":0,"112":0,"113":0,"114":0,"115":0,"116":0,"117":0,"118":0,"119":0,"120":0,"121":0,"122":0,"123":0,"124":0,"125":0,"126":0,"127":0,"128":1,"129":0,"130":0,"131":0,"132":0,"133":0,"134":0,"135":0,"136":0,"137":0,"138":0,"139":0,"140":0,"141":1,"142":0,"143":0,"144":0,"145":0,"146":0,"147":0,"148":0,"149":0,"150":0,"151":1,"152":0,"153":0,"154":0,"155":0,"156":0,"157":1,"158":0,"159":0,"160":0,"161":0,"162":0,"163":1,"164":0,"165":0,"166":0,"167":0,"168":0,"169":0,"170":0,"171":1,"172":0,"173":0,"174":0,"175":0,"176":0,"177":0,"178":0,"179":1,"180":0,"181":0,"182":0,"183":0,"184":0,"185":0},"f":{"0":0,"1":0,"2":4,"3":0,"4":0,"5":0,"6":0,"7":0,"8":0,"9":0,"10":0,"11":0,"12":0,"13":0},"b":{"0":[0,0],"1":[0,0],"2":[0,0],"3":[0,0],"4":[0,0],"5":[0,4],"6":[0,0],"7":[0,0],"8":[0,0],"9":[0,0],"10":[0,0],"11":[0,0],"12":[0,0],"13":[0,0],"14":[0,0],"15":[0,0],"16":[0,0],"17":[0,0],"18":[0,0],"19":[0,0],"20":[0,0],"21":[0,0],"22":[0,0,0],"23":[0,0],"24":[0,0],"25":[0,0],"26":[0,0],"27":[0,0],"28":[0,0],"29":[0,0],"30":[0,0]},"_coverageSchema":"1a1c01bbd47fc00a2c39e90264f33305004495a9","hash":"8989d42bfe37df30e5a89b61322452f6d3446f6a"}
,"D:\\Decentralized Attendance System\\decentralized-attendance-system\\backend\\controllers\\AuthController\\loginUserController.js": {"path":"D:\\Decentralized Attendance System\\decentralized-attendance-system\\backend\\controllers\\AuthController\\loginUserController.js","statementMap":{"0":{"start":{"line":2,"column":15},"end":{"line":2,"column":34}},"1":{"start":{"line":3,"column":12},"end":{"line":3,"column":35}},"2":{"start":{"line":4,"column":29},"end":{"line":4,"column":57}},"3":{"start":{"line":5,"column":13},"end":{"line":5,"column":41}},"4":{"start":{"line":6,"column":16},"end":{"line":6,"column":47}},"5":{"start":{"line":7,"column":16},"end":{"line":7,"column":47}},"6":{"start":{"line":8,"column":18},"end":{"line":8,"column":27}},"7":{"start":{"line":10,"column":0},"end":{"line":60,"column":2}},"8":{"start":{"line":11,"column":19},"end":{"line":11,"column":40}},"9":{"start":{"line":12,"column":4},"end":{"line":14,"column":5}},"10":{"start":{"line":13,"column":8},"end":{"line":13,"column":64}},"11":{"start":{"line":16,"column":32},"end":{"line":16,"column":40}},"12":{"start":{"line":18,"column":4},"end":{"line":59,"column":5}},"13":{"start":{"line":20,"column":19},"end":{"line":20,"column":48}},"14":{"start":{"line":21,"column":8},"end":{"line":23,"column":9}},"15":{"start":{"line":22,"column":12},"end":{"line":22,"column":76}},"16":{"start":{"line":26,"column":24},"end":{"line":26,"column":69}},"17":{"start":{"line":27,"column":8},"end":{"line":29,"column":9}},"18":{"start":{"line":28,"column":12},"end":{"line":28,"column":76}},"19":{"start":{"line":32,"column":8},"end":{"line":34,"column":9}},"20":{"start":{"line":33,"column":12},"end":{"line":33,"column":74}},"21":{"start":{"line":37,"column":24},"end":{"line":43,"column":9}},"22":{"start":{"line":45,"column":8},"end":{"line":55,"column":11}},"23":{"start":{"line":46,"column":12},"end":{"line":46,"column":31}},"24":{"start":{"line":46,"column":21},"end":{"line":46,"column":31}},"25":{"start":{"line":49,"column":12},"end":{"line":54,"column":15}},"26":{"start":{"line":57,"column":8},"end":{"line":57,"column":35}},"27":{"start":{"line":58,"column":8},"end":{"line":58,"column":45}},"28":{"start":{"line":61,"column":0},"end":{"line":82,"column":2}},"29":{"start":{"line":62,"column":18},"end":{"line":62,"column":45}},"30":{"start":{"line":64,"column":4},"end":{"line":66,"column":5}},"31":{"start":{"line":65,"column":8},"end":{"line":65,"column":70}},"32":{"start":{"line":68,"column":4},"end":{"line":81,"column":5}},"33":{"start":{"line":70,"column":8},"end":{"line":70,"column":50}},"34":{"start":{"line":73,"column":8},"end":{"line":73,"column":29}},"35":{"start":{"line":75,"column":8},"end":{"line":75,"column":63}},"36":{"start":{"line":77,"column":8},"end":{"line":77,"column":51}},"37":{"start":{"line":78,"column":8},"end":{"line":80,"column":11}},"38":{"start":{"line":85,"column":0},"end":{"line":103,"column":1}},"39":{"start":{"line":86,"column":19},"end":{"line":86,"column":27}},"40":{"start":{"line":87,"column":4},"end":{"line":102,"column":5}},"41":{"start":{"line":88,"column":21},"end":{"line":88,"column":44}},"42":{"start":{"line":89,"column":8},"end":{"line":98,"column":9}},"43":{"start":{"line":91,"column":12},"end":{"line":93,"column":13}},"44":{"start":{"line":92,"column":16},"end":{"line":92,"column":57}},"45":{"start":{"line":94,"column":12},"end":{"line":96,"column":13}},"46":{"start":{"line":95,"column":16},"end":{"line":95,"column":57}},"47":{"start":{"line":97,"column":12},"end":{"line":97,"column":84}},"48":{"start":{"line":99,"column":8},"end":{"line":99,"column":60}},"49":{"start":{"line":101,"column":8},"end":{"line":101,"column":81}}},"fnMap":{"0":{"name":"(anonymous_0)","decl":{"start":{"line":10,"column":20},"end":{"line":10,"column":21}},"loc":{"start":{"line":10,"column":40},"end":{"line":60,"column":1}},"line":10},"1":{"name":"(anonymous_1)","decl":{"start":{"line":45,"column":71},"end":{"line":45,"column":72}},"loc":{"start":{"line":45,"column":87},"end":{"line":55,"column":9}},"line":45},"2":{"name":"(anonymous_2)","decl":{"start":{"line":61,"column":21},"end":{"line":61,"column":22}},"loc":{"start":{"line":61,"column":41},"end":{"line":82,"column":1}},"line":61},"3":{"name":"(anonymous_3)","decl":{"start":{"line":85,"column":25},"end":{"line":85,"column":26}},"loc":{"start":{"line":85,"column":45},"end":{"line":103,"column":1}},"line":85}},"branchMap":{"0":{"loc":{"start":{"line":12,"column":4},"end":{"line":14,"column":5}},"type":"if","locations":[{"start":{"line":12,"column":4},"end":{"line":14,"column":5}},{"start":{},"end":{}}],"line":12},"1":{"loc":{"start":{"line":21,"column":8},"end":{"line":23,"column":9}},"type":"if","locations":[{"start":{"line":21,"column":8},"end":{"line":23,"column":9}},{"start":{},"end":{}}],"line":21},"2":{"loc":{"start":{"line":27,"column":8},"end":{"line":29,"column":9}},"type":"if","locations":[{"start":{"line":27,"column":8},"end":{"line":29,"column":9}},{"start":{},"end":{}}],"line":27},"3":{"loc":{"start":{"line":32,"column":8},"end":{"line":34,"column":9}},"type":"if","locations":[{"start":{"line":32,"column":8},"end":{"line":34,"column":9}},{"start":{},"end":{}}],"line":32},"4":{"loc":{"start":{"line":32,"column":12},"end":{"line":32,"column":87}},"type":"binary-expr","locations":[{"start":{"line":32,"column":12},"end":{"line":32,"column":35}},{"start":{"line":32,"column":39},"end":{"line":32,"column":62}},{"start":{"line":32,"column":66},"end":{"line":32,"column":87}}],"line":32},"5":{"loc":{"start":{"line":46,"column":12},"end":{"line":46,"column":31}},"type":"if","locations":[{"start":{"line":46,"column":12},"end":{"line":46,"column":31}},{"start":{},"end":{}}],"line":46},"6":{"loc":{"start":{"line":64,"column":4},"end":{"line":66,"column":5}},"type":"if","locations":[{"start":{"line":64,"column":4},"end":{"line":66,"column":5}},{"start":{},"end":{}}],"line":64},"7":{"loc":{"start":{"line":89,"column":8},"end":{"line":98,"column":9}},"type":"if","locations":[{"start":{"line":89,"column":8},"end":{"line":98,"column":9}},{"start":{},"end":{}}],"line":89},"8":{"loc":{"start":{"line":91,"column":12},"end":{"line":93,"column":13}},"type":"if","locations":[{"start":{"line":91,"column":12},"end":{"line":93,"column":13}},{"start":{},"end":{}}],"line":91},"9":{"loc":{"start":{"line":94,"column":12},"end":{"line":96,"column":13}},"type":"if","locations":[{"start":{"line":94,"column":12},"end":{"line":96,"column":13}},{"start":{},"end":{}}],"line":94}},"s":{"0":1,"1":1,"2":1,"3":1,"4":1,"5":1,"6":1,"7":1,"8":5,"9":5,"10":0,"11":5,"12":5,"13":5,"14":4,"15":1,"16":3,"17":3,"18":1,"19":2,"20":1,"21":1,"22":1,"23":1,"24":0,"25":1,"26":1,"27":1,"28":1,"29":0,"30":0,"31":0,"32":0,"33":0,"34":0,"35":0,"36":0,"37":0,"38":1,"39":0,"40":0,"41":0,"42":0,"43":0,"44":0,"45":0,"46":0,"47":0,"48":0,"49":0},"f":{"0":5,"1":1,"2":0,"3":0},"b":{"0":[0,5],"1":[1,3],"2":[1,2],"3":[1,1],"4":[2,1,1],"5":[0,1],"6":[0,0],"7":[0,0],"8":[0,0],"9":[0,0]},"_coverageSchema":"1a1c01bbd47fc00a2c39e90264f33305004495a9","hash":"c8a039a8dc3fda0810d4c4d19a190324c255f4ae"}
,"D:\\Decentralized Attendance System\\decentralized-attendance-system\\backend\\controllers\\StudentController\\studentController.js": {"path":"D:\\Decentralized Attendance System\\decentralized-attendance-system\\backend\\controllers\\StudentController\\studentController.js","statementMap":{"0":{"start":{"line":4,"column":29},"end":{"line":4,"column":57}},"1":{"start":{"line":5,"column":25},"end":{"line":5,"column":65}},"2":{"start":{"line":6,"column":15},"end":{"line":6,"column":45}},"3":{"start":{"line":7,"column":16},"end":{"line":7,"column":47}},"4":{"start":{"line":8,"column":15},"end":{"line":8,"column":44}},"5":{"start":{"line":11,"column":0},"end":{"line":42,"column":2}},"6":{"start":{"line":12,"column":2},"end":{"line":41,"column":3}},"7":{"start":{"line":13,"column":26},"end":{"line":13,"column":34}},"8":{"start":{"line":14,"column":22},"end":{"line":14,"column":33}},"9":{"start":{"line":17,"column":27},"end":{"line":17,"column":101}},"10":{"start":{"line":19,"column":4},"end":{"line":26,"column":5}},"11":{"start":{"line":20,"column":6},"end":{"line":25,"column":9}},"12":{"start":{"line":28,"column":4},"end":{"line":30,"column":5}},"13":{"start":{"line":29,"column":6},"end":{"line":29,"column":77}},"14":{"start":{"line":33,"column":4},"end":{"line":33,"column":38}},"15":{"start":{"line":34,"column":4},"end":{"line":34,"column":43}},"16":{"start":{"line":35,"column":4},"end":{"line":35,"column":34}},"17":{"start":{"line":37,"column":4},"end":{"line":37,"column":91}},"18":{"start":{"line":39,"column":4},"end":{"line":39,"column":60}},"19":{"start":{"line":40,"column":4},"end":{"line":40,"column":83}},"20":{"start":{"line":50,"column":0},"end":{"line":62,"column":2}},"21":{"start":{"line":51,"column":24},"end":{"line":51,"column":34}},"22":{"start":{"line":53,"column":2},"end":{"line":61,"column":3}},"23":{"start":{"line":55,"column":19},"end":{"line":55,"column":43}},"24":{"start":{"line":56,"column":29},"end":{"line":56,"column":62}},"25":{"start":{"line":57,"column":4},"end":{"line":57,"column":43}},"26":{"start":{"line":59,"column":4},"end":{"line":59,"column":68}},"27":{"start":{"line":60,"column":4},"end":{"line":60,"column":41}},"28":{"start":{"line":64,"column":0},"end":{"line":122,"column":1}},"29":{"start":{"line":65,"column":17},"end":{"line":65,"column":25}},"30":{"start":{"line":66,"column":2},"end":{"line":121,"column":3}},"31":{"start":{"line":67,"column":4},"end":{"line":117,"column":5}},"32":{"start":{"line":68,"column":19},"end":{"line":68,"column":54}},"33":{"start":{"line":69,"column":6},"end":{"line":110,"column":7}},"34":{"start":{"line":71,"column":29},"end":{"line":107,"column":10}},"35":{"start":{"line":108,"column":8},"end":{"line":108,"column":35}},"36":{"start":{"line":109,"column":8},"end":{"line":109,"column":93}},"37":{"start":{"line":112,"column":6},"end":{"line":112,"column":64}},"38":{"start":{"line":115,"column":6},"end":{"line":115,"column":24}},"39":{"start":{"line":116,"column":6},"end":{"line":116,"column":87}},"40":{"start":{"line":120,"column":4},"end":{"line":120,"column":68}}},"fnMap":{"0":{"name":"(anonymous_0)","decl":{"start":{"line":11,"column":25},"end":{"line":11,"column":26}},"loc":{"start":{"line":11,"column":45},"end":{"line":42,"column":1}},"line":11},"1":{"name":"(anonymous_1)","decl":{"start":{"line":50,"column":24},"end":{"line":50,"column":25}},"loc":{"start":{"line":50,"column":44},"end":{"line":62,"column":1}},"line":50},"2":{"name":"(anonymous_2)","decl":{"start":{"line":64,"column":28},"end":{"line":64,"column":29}},"loc":{"start":{"line":64,"column":48},"end":{"line":122,"column":1}},"line":64}},"branchMap":{"0":{"loc":{"start":{"line":19,"column":4},"end":{"line":26,"column":5}},"type":"if","locations":[{"start":{"line":19,"column":4},"end":{"line":26,"column":5}},{"start":{},"end":{}}],"line":19},"1":{"loc":{"start":{"line":28,"column":4},"end":{"line":30,"column":5}},"type":"if","locations":[{"start":{"line":28,"column":4},"end":{"line":30,"column":5}},{"start":{},"end":{}}],"line":28},"2":{"loc":{"start":{"line":66,"column":2},"end":{"line":121,"column":3}},"type":"if","locations":[{"start":{"line":66,"column":2},"end":{"line":121,"column":3}},{"start":{"line":119,"column":7},"end":{"line":121,"column":3}}],"line":66},"3":{"loc":{"start":{"line":69,"column":6},"end":{"line":110,"column":7}},"type":"if","locations":[{"start":{"line":69,"column":6},"end":{"line":110,"column":7}},{"start":{},"end":{}}],"line":69}},"s":{"0":0,"1":0,"2":0,"3":0,"4":0,"5":0,"6":0,"7":0,"8":0,"9":0,"10":0,"11":0,"12":0,"13":0,"14":0,"15":0,"16":0,"17":0,"18":0,"19":0,"20":0,"21":0,"22":0,"23":0,"24":0,"25":0,"26":0,"27":0,"28":0,"29":0,"30":0,"31":0,"32":0,"33":0,"34":0,"35":0,"36":0,"37":0,"38":0,"39":0,"40":0},"f":{"0":0,"1":0,"2":0},"b":{"0":[0,0],"1":[0,0],"2":[0,0],"3":[0,0]}}
,"D:\\Decentralized Attendance System\\decentralized-attendance-system\\backend\\controllers\\TeacherController\\teacherController.js": {"path":"D:\\Decentralized Attendance System\\decentralized-attendance-system\\backend\\controllers\\TeacherController\\teacherController.js","statementMap":{"0":{"start":{"line":3,"column":34},"end":{"line":3,"column":73}},"1":{"start":{"line":4,"column":20},"end":{"line":4,"column":46}},"2":{"start":{"line":6,"column":16},"end":{"line":6,"column":47}},"3":{"start":{"line":7,"column":14},"end":{"line":7,"column":43}},"4":{"start":{"line":8,"column":16},"end":{"line":8,"column":47}},"5":{"start":{"line":9,"column":16},"end":{"line":9,"column":47}},"6":{"start":{"line":10,"column":13},"end":{"line":10,"column":41}},"7":{"start":{"line":11,"column":25},"end":{"line":11,"column":65}},"8":{"start":{"line":13,"column":30},"end":{"line":13,"column":49}},"9":{"start":{"line":13,"column":63},"end":{"line":13,"column":83}},"10":{"start":{"line":14,"column":22},"end":{"line":14,"column":48}},"11":{"start":{"line":15,"column":13},"end":{"line":15,"column":28}},"12":{"start":{"line":16,"column":15},"end":{"line":16,"column":45}},"13":{"start":{"line":22,"column":0},"end":{"line":56,"column":2}},"14":{"start":{"line":23,"column":4},"end":{"line":55,"column":5}},"15":{"start":{"line":25,"column":24},"end":{"line":25,"column":68}},"16":{"start":{"line":28,"column":8},"end":{"line":30,"column":9}},"17":{"start":{"line":29,"column":12},"end":{"line":29,"column":74}},"18":{"start":{"line":33,"column":24},"end":{"line":33,"column":71}},"19":{"start":{"line":36,"column":8},"end":{"line":38,"column":9}},"20":{"start":{"line":37,"column":12},"end":{"line":37,"column":93}},"21":{"start":{"line":41,"column":30},"end":{"line":44,"column":11}},"22":{"start":{"line":41,"column":52},"end":{"line":44,"column":9}},"23":{"start":{"line":47,"column":8},"end":{"line":49,"column":11}},"24":{"start":{"line":53,"column":8},"end":{"line":53,"column":56}},"25":{"start":{"line":54,"column":8},"end":{"line":54,"column":93}},"26":{"start":{"line":59,"column":0},"end":{"line":108,"column":2}},"27":{"start":{"line":60,"column":24},"end":{"line":60,"column":34}},"28":{"start":{"line":62,"column":4},"end":{"line":107,"column":5}},"29":{"start":{"line":64,"column":29},"end":{"line":64,"column":58}},"30":{"start":{"line":66,"column":8},"end":{"line":68,"column":9}},"31":{"start":{"line":67,"column":12},"end":{"line":67,"column":72}},"32":{"start":{"line":70,"column":8},"end":{"line":72,"column":9}},"33":{"start":{"line":71,"column":12},"end":{"line":71,"column":90}},"34":{"start":{"line":75,"column":28},"end":{"line":75,"column":85}},"35":{"start":{"line":77,"column":8},"end":{"line":79,"column":9}},"36":{"start":{"line":78,"column":12},"end":{"line":78,"column":92}},"37":{"start":{"line":82,"column":31},"end":{"line":82,"column":105}},"38":{"start":{"line":82,"column":91},"end":{"line":82,"column":99}},"39":{"start":{"line":84,"column":8},"end":{"line":86,"column":9}},"40":{"start":{"line":85,"column":12},"end":{"line":85,"column":104}},"41":{"start":{"line":89,"column":31},"end":{"line":96,"column":10}},"42":{"start":{"line":90,"column":25},"end":{"line":90,"column":92}},"43":{"start":{"line":90,"column":47},"end":{"line":90,"column":91}},"44":{"start":{"line":91,"column":12},"end":{"line":95,"column":14}},"45":{"start":{"line":99,"column":8},"end":{"line":102,"column":11}},"46":{"start":{"line":105,"column":8},"end":{"line":105,"column":67}},"47":{"start":{"line":106,"column":8},"end":{"line":106,"column":88}},"48":{"start":{"line":113,"column":0},"end":{"line":149,"column":2}},"49":{"start":{"line":116,"column":24},"end":{"line":116,"column":34}},"50":{"start":{"line":118,"column":4},"end":{"line":145,"column":5}},"51":{"start":{"line":120,"column":25},"end":{"line":120,"column":56}},"52":{"start":{"line":123,"column":8},"end":{"line":125,"column":9}},"53":{"start":{"line":124,"column":12},"end":{"line":124,"column":89}},"54":{"start":{"line":128,"column":31},"end":{"line":132,"column":11}},"55":{"start":{"line":128,"column":56},"end":{"line":132,"column":9}},"56":{"start":{"line":135,"column":8},"end":{"line":138,"column":11}},"57":{"start":{"line":142,"column":8},"end":{"line":142,"column":57}},"58":{"start":{"line":143,"column":8},"end":{"line":143,"column":76}},"59":{"start":{"line":152,"column":0},"end":{"line":215,"column":2}},"60":{"start":{"line":154,"column":26},"end":{"line":154,"column":36}},"61":{"start":{"line":156,"column":4},"end":{"line":213,"column":5}},"62":{"start":{"line":157,"column":22},"end":{"line":157,"column":55}},"63":{"start":{"line":158,"column":8},"end":{"line":160,"column":9}},"64":{"start":{"line":159,"column":12},"end":{"line":159,"column":74}},"65":{"start":{"line":163,"column":8},"end":{"line":191,"column":9}},"66":{"start":{"line":164,"column":12},"end":{"line":189,"column":14}},"67":{"start":{"line":190,"column":12},"end":{"line":190,"column":93}},"68":{"start":{"line":193,"column":8},"end":{"line":193,"column":33}},"69":{"start":{"line":194,"column":8},"end":{"line":194,"column":53}},"70":{"start":{"line":197,"column":8},"end":{"line":197,"column":29}},"71":{"start":{"line":199,"column":8},"end":{"line":208,"column":15}},"72":{"start":{"line":211,"column":8},"end":{"line":211,"column":55}},"73":{"start":{"line":212,"column":8},"end":{"line":212,"column":88}},"74":{"start":{"line":220,"column":0},"end":{"line":277,"column":4}},"75":{"start":{"line":221,"column":4},"end":{"line":276,"column":5}},"76":{"start":{"line":222,"column":38},"end":{"line":222,"column":46}},"77":{"start":{"line":224,"column":6},"end":{"line":226,"column":7}},"78":{"start":{"line":225,"column":8},"end":{"line":225,"column":89}},"79":{"start":{"line":228,"column":31},"end":{"line":228,"column":33}},"80":{"start":{"line":229,"column":28},"end":{"line":229,"column":30}},"81":{"start":{"line":231,"column":6},"end":{"line":266,"column":7}},"82":{"start":{"line":232,"column":8},"end":{"line":265,"column":9}},"83":{"start":{"line":234,"column":35},"end":{"line":234,"column":109}},"84":{"start":{"line":235,"column":10},"end":{"line":235,"column":105}},"85":{"start":{"line":235,"column":33},"end":{"line":235,"column":105}},"86":{"start":{"line":236,"column":10},"end":{"line":236,"column":117}},"87":{"start":{"line":236,"column":44},"end":{"line":236,"column":117}},"88":{"start":{"line":238,"column":10},"end":{"line":238,"column":86}},"89":{"start":{"line":241,"column":45},"end":{"line":247,"column":11}},"90":{"start":{"line":250,"column":10},"end":{"line":250,"column":46}},"91":{"start":{"line":251,"column":10},"end":{"line":251,"column":48}},"92":{"start":{"line":252,"column":10},"end":{"line":252,"column":86}},"93":{"start":{"line":253,"column":10},"end":{"line":253,"column":40}},"94":{"start":{"line":255,"column":10},"end":{"line":259,"column":13}},"95":{"start":{"line":261,"column":10},"end":{"line":261,"column":82}},"96":{"start":{"line":263,"column":10},"end":{"line":263,"column":96}},"97":{"start":{"line":264,"column":10},"end":{"line":264,"column":73}},"98":{"start":{"line":268,"column":6},"end":{"line":272,"column":9}},"99":{"start":{"line":274,"column":6},"end":{"line":274,"column":65}},"100":{"start":{"line":275,"column":6},"end":{"line":275,"column":85}}},"fnMap":{"0":{"name":"(anonymous_0)","decl":{"start":{"line":22,"column":29},"end":{"line":22,"column":30}},"loc":{"start":{"line":22,"column":49},"end":{"line":56,"column":1}},"line":22},"1":{"name":"(anonymous_1)","decl":{"start":{"line":41,"column":42},"end":{"line":41,"column":43}},"loc":{"start":{"line":41,"column":52},"end":{"line":44,"column":9}},"line":41},"2":{"name":"(anonymous_2)","decl":{"start":{"line":59,"column":29},"end":{"line":59,"column":30}},"loc":{"start":{"line":59,"column":49},"end":{"line":108,"column":1}},"line":59},"3":{"name":"(anonymous_3)","decl":{"start":{"line":82,"column":83},"end":{"line":82,"column":84}},"loc":{"start":{"line":82,"column":91},"end":{"line":82,"column":99}},"line":82},"4":{"name":"(anonymous_4)","decl":{"start":{"line":89,"column":50},"end":{"line":89,"column":51}},"loc":{"start":{"line":89,"column":61},"end":{"line":96,"column":9}},"line":89},"5":{"name":"(anonymous_5)","decl":{"start":{"line":90,"column":42},"end":{"line":90,"column":43}},"loc":{"start":{"line":90,"column":47},"end":{"line":90,"column":91}},"line":90},"6":{"name":"(anonymous_6)","decl":{"start":{"line":113,"column":28},"end":{"line":113,"column":29}},"loc":{"start":{"line":113,"column":48},"end":{"line":149,"column":1}},"line":113},"7":{"name":"(anonymous_7)","decl":{"start":{"line":128,"column":44},"end":{"line":128,"column":45}},"loc":{"start":{"line":128,"column":56},"end":{"line":132,"column":9}},"line":128},"8":{"name":"(anonymous_8)","decl":{"start":{"line":152,"column":27},"end":{"line":152,"column":28}},"loc":{"start":{"line":152,"column":47},"end":{"line":215,"column":1}},"line":152},"9":{"name":"(anonymous_9)","decl":{"start":{"line":220,"column":29},"end":{"line":220,"column":30}},"loc":{"start":{"line":220,"column":49},"end":{"line":277,"column":3}},"line":220}},"branchMap":{"0":{"loc":{"start":{"line":28,"column":8},"end":{"line":30,"column":9}},"type":"if","locations":[{"start":{"line":28,"column":8},"end":{"line":30,"column":9}},{"start":{},"end":{}}],"line":28},"1":{"loc":{"start":{"line":36,"column":8},"end":{"line":38,"column":9}},"type":"if","locations":[{"start":{"line":36,"column":8},"end":{"line":38,"column":9}},{"start":{},"end":{}}],"line":36},"2":{"loc":{"start":{"line":66,"column":8},"end":{"line":68,"column":9}},"type":"if","locations":[{"start":{"line":66,"column":8},"end":{"line":68,"column":9}},{"start":{},"end":{}}],"line":66},"3":{"loc":{"start":{"line":70,"column":8},"end":{"line":72,"column":9}},"type":"if","locations":[{"start":{"line":70,"column":8},"end":{"line":72,"column":9}},{"start":{},"end":{}}],"line":70},"4":{"loc":{"start":{"line":77,"column":8},"end":{"line":79,"column":9}},"type":"if","locations":[{"start":{"line":77,"column":8},"end":{"line":79,"column":9}},{"start":{},"end":{}}],"line":77},"5":{"loc":{"start":{"line":84,"column":8},"end":{"line":86,"column":9}},"type":"if","locations":[{"start":{"line":84,"column":8},"end":{"line":86,"column":9}},{"start":{},"end":{}}],"line":84},"6":{"loc":{"start":{"line":123,"column":8},"end":{"line":125,"column":9}},"type":"if","locations":[{"start":{"line":123,"column":8},"end":{"line":125,"column":9}},{"start":{},"end":{}}],"line":123},"7":{"loc":{"start":{"line":158,"column":8},"end":{"line":160,"column":9}},"type":"if","locations":[{"start":{"line":158,"column":8},"end":{"line":160,"column":9}},{"start":{},"end":{}}],"line":158},"8":{"loc":{"start":{"line":163,"column":8},"end":{"line":191,"column":9}},"type":"if","locations":[{"start":{"line":163,"column":8},"end":{"line":191,"column":9}},{"start":{},"end":{}}],"line":163},"9":{"loc":{"start":{"line":224,"column":6},"end":{"line":226,"column":7}},"type":"if","locations":[{"start":{"line":224,"column":6},"end":{"line":226,"column":7}},{"start":{},"end":{}}],"line":224},"10":{"loc":{"start":{"line":224,"column":10},"end":{"line":224,"column":58}},"type":"binary-expr","locations":[{"start":{"line":224,"column":10},"end":{"line":224,"column":20}},{"start":{"line":224,"column":24},"end":{"line":224,"column":33}},{"start":{"line":224,"column":37},"end":{"line":224,"column":58}}],"line":224},"11":{"loc":{"start":{"line":235,"column":10},"end":{"line":235,"column":105}},"type":"if","locations":[{"start":{"line":235,"column":10},"end":{"line":235,"column":105}},{"start":{},"end":{}}],"line":235},"12":{"loc":{"start":{"line":236,"column":10},"end":{"line":236,"column":117}},"type":"if","locations":[{"start":{"line":236,"column":10},"end":{"line":236,"column":117}},{"start":{},"end":{}}],"line":236}},"s":{"0":1,"1":1,"2":1,"3":1,"4":1,"5":1,"6":1,"7":1,"8":1,"9":1,"10":1,"11":1,"12":1,"13":1,"14":0,"15":0,"16":0,"17":0,"18":0,"19":0,"20":0,"21":0,"22":0,"23":0,"24":0,"25":0,"26":1,"27":0,"28":0,"29":0,"30":0,"31":0,"32":0,"33":0,"34":0,"35":0,"36":0,"37":0,"38":0,"39":0,"40":0,"41":0,"42":0,"43":0,"44":0,"45":0,"46":0,"47":0,"48":1,"49":0,"50":0,"51":0,"52":0,"53":0,"54":0,"55":0,"56":0,"57":0,"58":0,"59":1,"60":0,"61":0,"62":0,"63":0,"64":0,"65":0,"66":0,"67":0,"68":0,"69":0,"70":0,"71":0,"72":0,"73":0,"74":1,"75":0,"76":0,"77":0,"78":0,"79":0,"80":0,"81":0,"82":0,"83":0,"84":0,"85":0,"86":0,"87":0,"88":0,"89":0,"90":0,"91":0,"92":0,"93":0,"94":0,"95":0,"96":0,"97":0,"98":0,"99":0,"100":0},"f":{"0":0,"1":0,"2":0,"3":0,"4":0,"5":0,"6":0,"7":0,"8":0,"9":0},"b":{"0":[0,0],"1":[0,0],"2":[0,0],"3":[0,0],"4":[0,0],"5":[0,0],"6":[0,0],"7":[0,0],"8":[0,0],"9":[0,0],"10":[0,0,0],"11":[0,0],"12":[0,0]},"_coverageSchema":"1a1c01bbd47fc00a2c39e90264f33305004495a9","hash":"c4594f251af2dc9a88bec2df27b885416cfe47f1"}
,"D:\\Decentralized Attendance System\\decentralized-attendance-system\\backend\\models\\attendanceRecord.js": {"path":"D:\\Decentralized Attendance System\\decentralized-attendance-system\\backend\\models\\attendanceRecord.js","statementMap":{"0":{"start":{"line":2,"column":17},"end":{"line":2,"column":36}},"1":{"start":{"line":3,"column":15},"end":{"line":3,"column":30}},"2":{"start":{"line":5,"column":31},"end":{"line":37,"column":2}},"3":{"start":{"line":39,"column":0},"end":{"line":39,"column":76}}},"fnMap":{},"branchMap":{},"s":{"0":1,"1":1,"2":1,"3":1},"f":{},"b":{},"_coverageSchema":"1a1c01bbd47fc00a2c39e90264f33305004495a9","hash":"607e6d2d9424d42585f21411c41475d2351c50c8"}
,"D:\\Decentralized Attendance System\\decentralized-attendance-system\\backend\\models\\blockchainTransaction.js": {"path":"D:\\Decentralized Attendance System\\decentralized-attendance-system\\backend\\models\\blockchainTransaction.js","statementMap":{},"fnMap":{},"branchMap":{},"s":{},"f":{},"b":{}}
,"D:\\Decentralized Attendance System\\decentralized-attendance-system\\backend\\models\\class.js": {"path":"D:\\Decentralized Attendance System\\decentralized-attendance-system\\backend\\models\\class.js","statementMap":{"0":{"start":{"line":3,"column":17},"end":{"line":3,"column":36}},"1":{"start":{"line":4,"column":15},"end":{"line":4,"column":30}},"2":{"start":{"line":6,"column":20},"end":{"line":29,"column":24}},"3":{"start":{"line":31,"column":0},"end":{"line":31,"column":54}}},"fnMap":{},"branchMap":{},"s":{"0":2,"1":2,"2":2,"3":2},"f":{},"b":{},"_coverageSchema":"1a1c01bbd47fc00a2c39e90264f33305004495a9","hash":"902cd46fcf546757a25ce25e49e14ab169ce91e5"}
,"D:\\Decentralized Attendance System\\decentralized-attendance-system\\backend\\models\\session.js": {"path":"D:\\Decentralized Attendance System\\decentralized-attendance-system\\backend\\models\\session.js","statementMap":{"0":{"start":{"line":4,"column":17},"end":{"line":4,"column":36}},"1":{"start":{"line":6,"column":22},"end":{"line":16,"column":2}},"2":{"start":{"line":18,"column":0},"end":{"line":18,"column":58}}},"fnMap":{},"branchMap":{},"s":{"0":2,"1":2,"2":2},"f":{},"b":{},"_coverageSchema":"1a1c01bbd47fc00a2c39e90264f33305004495a9","hash":"b68921adda387ab55ab59eda100bb1ab4f5aa76a"}
,"D:\\Decentralized Attendance System\\decentralized-attendance-system\\backend\\models\\student.js": {"path":"D:\\Decentralized Attendance System\\decentralized-attendance-system\\backend\\models\\student.js","statementMap":{"0":{"start":{"line":2,"column":17},"end":{"line":2,"column":36}},"1":{"start":{"line":3,"column":15},"end":{"line":3,"column":30}},"2":{"start":{"line":5,"column":22},"end":{"line":14,"column":24}},"3":{"start":{"line":16,"column":0},"end":{"line":16,"column":58}}},"fnMap":{},"branchMap":{},"s":{"0":3,"1":3,"2":3,"3":3},"f":{},"b":{},"_coverageSchema":"1a1c01bbd47fc00a2c39e90264f33305004495a9","hash":"16928475d252183e618720a6b6d8944277bf86fe"}
,"D:\\Decentralized Attendance System\\decentralized-attendance-system\\backend\\models\\teacher.js": {"path":"D:\\Decentralized Attendance System\\decentralized-attendance-system\\backend\\models\\teacher.js","statementMap":{"0":{"start":{"line":2,"column":19},"end":{"line":2,"column":38}},"1":{"start":{"line":3,"column":17},"end":{"line":3,"column":32}},"2":{"start":{"line":5,"column":24},"end":{"line":11,"column":28}},"3":{"start":{"line":13,"column":4},"end":{"line":13,"column":62}}},"fnMap":{},"branchMap":{},"s":{"0":3,"1":3,"2":3,"3":3},"f":{},"b":{},"_coverageSchema":"1a1c01bbd47fc00a2c39e90264f33305004495a9","hash":"f2fd874bda6fbc0d0cd089f73f1c68cc09439909"}
,"D:\\Decentralized Attendance System\\decentralized-attendance-system\\backend\\models\\user.js": {"path":"D:\\Decentralized Attendance System\\decentralized-attendance-system\\backend\\models\\user.js","statementMap":{"0":{"start":{"line":2,"column":17},"end":{"line":2,"column":36}},"1":{"start":{"line":3,"column":15},"end":{"line":3,"column":30}},"2":{"start":{"line":5,"column":19},"end":{"line":11,"column":24}},"3":{"start":{"line":13,"column":0},"end":{"line":13,"column":52}}},"fnMap":{},"branchMap":{},"s":{"0":3,"1":3,"2":3,"3":3},"f":{},"b":{},"_coverageSchema":"1a1c01bbd47fc00a2c39e90264f33305004495a9","hash":"0ba63c517343659aabf5b8cd6dd6e2014d6adbd4"}
,"D:\\Decentralized Attendance System\\decentralized-attendance-system\\backend\\models\\wallet.js": {"path":"D:\\Decentralized Attendance System\\decentralized-attendance-system\\backend\\models\\wallet.js","statementMap":{"0":{"start":{"line":3,"column":17},"end":{"line":3,"column":36}},"1":{"start":{"line":6,"column":21},"end":{"line":24,"column":2}},"2":{"start":{"line":26,"column":0},"end":{"line":26,"column":56}}},"fnMap":{},"branchMap":{},"s":{"0":2,"1":2,"2":2},"f":{},"b":{},"_coverageSchema":"1a1c01bbd47fc00a2c39e90264f33305004495a9","hash":"00a58302f0834eccf3cd3e5f8a95080ed2dc8892"}
,"D:\\Decentralized Attendance System\\decentralized-attendance-system\\backend\\routes\\profile.js": {"path":"D:\\Decentralized Attendance System\\decentralized-attendance-system\\backend\\routes\\profile.js","statementMap":{"0":{"start":{"line":3,"column":16},"end":{"line":3,"column":34}},"1":{"start":{"line":4,"column":19},"end":{"line":4,"column":59}},"2":{"start":{"line":5,"column":13},"end":{"line":5,"column":38}},"3":{"start":{"line":7,"column":15},"end":{"line":7,"column":31}},"4":{"start":{"line":9,"column":0},"end":{"line":17,"column":3}},"5":{"start":{"line":10,"column":4},"end":{"line":16,"column":5}},"6":{"start":{"line":11,"column":21},"end":{"line":11,"column":73}},"7":{"start":{"line":12,"column":8},"end":{"line":12,"column":23}},"8":{"start":{"line":14,"column":8},"end":{"line":14,"column":35}},"9":{"start":{"line":15,"column":8},"end":{"line":15,"column":45}},"10":{"start":{"line":19,"column":0},"end":{"line":19,"column":24}}},"fnMap":{"0":{"name":"(anonymous_0)","decl":{"start":{"line":9,"column":24},"end":{"line":9,"column":25}},"loc":{"start":{"line":9,"column":44},"end":{"line":17,"column":1}},"line":9}},"branchMap":{},"s":{"0":0,"1":0,"2":0,"3":0,"4":0,"5":0,"6":0,"7":0,"8":0,"9":0,"10":0},"f":{"0":0},"b":{}}
,"D:\\Decentralized Attendance System\\decentralized-attendance-system\\backend\\routes\\AdminRoutes\\adminRoutes.js": {"path":"D:\\Decentralized Attendance System\\decentralized-attendance-system\\backend\\routes\\AdminRoutes\\adminRoutes.js","statementMap":{"0":{"start":{"line":3,"column":16},"end":{"line":3,"column":34}},"1":{"start":{"line":4,"column":18},"end":{"line":4,"column":46}},"2":{"start":{"line":5,"column":28},"end":{"line":5,"column":92}},"3":{"start":{"line":6,"column":19},"end":{"line":6,"column":62}},"4":{"start":{"line":8,"column":15},"end":{"line":8,"column":31}},"5":{"start":{"line":11,"column":0},"end":{"line":22,"column":2}},"6":{"start":{"line":25,"column":0},"end":{"line":40,"column":2}},"7":{"start":{"line":43,"column":0},"end":{"line":53,"column":2}},"8":{"start":{"line":56,"column":0},"end":{"line":67,"column":2}},"9":{"start":{"line":70,"column":0},"end":{"line":78,"column":2}},"10":{"start":{"line":81,"column":0},"end":{"line":81,"column":76}},"11":{"start":{"line":84,"column":0},"end":{"line":84,"column":74}},"12":{"start":{"line":87,"column":0},"end":{"line":87,"column":74}},"13":{"start":{"line":90,"column":0},"end":{"line":90,"column":78}},"14":{"start":{"line":93,"column":0},"end":{"line":93,"column":78}},"15":{"start":{"line":95,"column":0},"end":{"line":95,"column":73}},"16":{"start":{"line":97,"column":0},"end":{"line":97,"column":24}}},"fnMap":{},"branchMap":{},"s":{"0":0,"1":0,"2":0,"3":0,"4":0,"5":0,"6":0,"7":0,"8":0,"9":0,"10":0,"11":0,"12":0,"13":0,"14":0,"15":0,"16":0},"f":{},"b":{}}
,"D:\\Decentralized Attendance System\\decentralized-attendance-system\\backend\\routes\\AuthRoutes\\loginUser.js": {"path":"D:\\Decentralized Attendance System\\decentralized-attendance-system\\backend\\routes\\AuthRoutes\\loginUser.js","statementMap":{"0":{"start":{"line":2,"column":16},"end":{"line":2,"column":34}},"1":{"start":{"line":3,"column":18},"end":{"line":3,"column":46}},"2":{"start":{"line":4,"column":50},"end":{"line":4,"column":113}},"3":{"start":{"line":5,"column":19},"end":{"line":5,"column":62}},"4":{"start":{"line":7,"column":15},"end":{"line":7,"column":31}},"5":{"start":{"line":9,"column":0},"end":{"line":16,"column":2}},"6":{"start":{"line":18,"column":0},"end":{"line":18,"column":51}},"7":{"start":{"line":19,"column":0},"end":{"line":19,"column":33}},"8":{"start":{"line":21,"column":0},"end":{"line":21,"column":24}}},"fnMap":{},"branchMap":{},"s":{"0":0,"1":0,"2":0,"3":0,"4":0,"5":0,"6":0,"7":0,"8":0},"f":{},"b":{}}
,"D:\\Decentralized Attendance System\\decentralized-attendance-system\\backend\\routes\\StudentRoutes\\studentRoutes.js": {"path":"D:\\Decentralized Attendance System\\decentralized-attendance-system\\backend\\routes\\StudentRoutes\\studentRoutes.js","statementMap":{"0":{"start":{"line":4,"column":16},"end":{"line":4,"column":34}},"1":{"start":{"line":5,"column":61},"end":{"line":5,"column":125}},"2":{"start":{"line":6,"column":18},"end":{"line":6,"column":46}},"3":{"start":{"line":7,"column":19},"end":{"line":7,"column":62}},"4":{"start":{"line":10,"column":15},"end":{"line":10,"column":31}},"5":{"start":{"line":12,"column":0},"end":{"line":12,"column":55}},"6":{"start":{"line":14,"column":0},"end":{"line":21,"column":2}},"7":{"start":{"line":23,"column":0},"end":{"line":23,"column":49}},"8":{"start":{"line":25,"column":0},"end":{"line":25,"column":24}}},"fnMap":{},"branchMap":{},"s":{"0":0,"1":0,"2":0,"3":0,"4":0,"5":0,"6":0,"7":0,"8":0},"f":{},"b":{}}
,"D:\\Decentralized Attendance System\\decentralized-attendance-system\\backend\\routes\\TeacherRoutes\\teacherRoutes.js": {"path":"D:\\Decentralized Attendance System\\decentralized-attendance-system\\backend\\routes\\TeacherRoutes\\teacherRoutes.js","statementMap":{"0":{"start":{"line":3,"column":16},"end":{"line":3,"column":34}},"1":{"start":{"line":4,"column":18},"end":{"line":4,"column":46}},"2":{"start":{"line":5,"column":108},"end":{"line":5,"column":172}},"3":{"start":{"line":6,"column":19},"end":{"line":6,"column":62}},"4":{"start":{"line":7,"column":34},"end":{"line":7,"column":73}},"5":{"start":{"line":9,"column":15},"end":{"line":9,"column":31}},"6":{"start":{"line":14,"column":0},"end":{"line":14,"column":64}},"7":{"start":{"line":17,"column":0},"end":{"line":17,"column":74}},"8":{"start":{"line":20,"column":0},"end":{"line":20,"column":73}},"9":{"start":{"line":23,"column":0},"end":{"line":23,"column":82}},"10":{"start":{"line":26,"column":0},"end":{"line":26,"column":64}},"11":{"start":{"line":29,"column":0},"end":{"line":29,"column":63}},"12":{"start":{"line":34,"column":0},"end":{"line":34,"column":24}}},"fnMap":{},"branchMap":{},"s":{"0":0,"1":0,"2":0,"3":0,"4":0,"5":0,"6":0,"7":0,"8":0,"9":0,"10":0,"11":0,"12":0},"f":{},"b":{}}
,"D:\\Decentralized Attendance System\\decentralized-attendance-system\\backend\\services\\checkBalance.js": {"path":"D:\\Decentralized Attendance System\\decentralized-attendance-system\\backend\\services\\checkBalance.js","statementMap":{"0":{"start":{"line":1,"column":34},"end":{"line":1,"column":60}},"1":{"start":{"line":4,"column":21},"end":{"line":4,"column":81}},"2":{"start":{"line":5,"column":26},"end":{"line":5,"column":87}},"3":{"start":{"line":6,"column":18},"end":{"line":6,"column":62}},"4":{"start":{"line":7,"column":2},"end":{"line":7,"column":54}},"5":{"start":{"line":10,"column":0},"end":{"line":10,"column":15}}},"fnMap":{"0":{"name":"checkBalance","decl":{"start":{"line":3,"column":15},"end":{"line":3,"column":27}},"loc":{"start":{"line":3,"column":30},"end":{"line":8,"column":1}},"line":3}},"branchMap":{},"s":{"0":0,"1":0,"2":0,"3":0,"4":0,"5":0},"f":{"0":0},"b":{}}
,"D:\\Decentralized Attendance System\\decentralized-attendance-system\\backend\\services\\retrieveAttendance.js": {"path":"D:\\Decentralized Attendance System\\decentralized-attendance-system\\backend\\services\\retrieveAttendance.js","statementMap":{"0":{"start":{"line":1,"column":16},"end":{"line":1,"column":34}},"1":{"start":{"line":2,"column":15},"end":{"line":2,"column":31}},"2":{"start":{"line":3,"column":32},"end":{"line":3,"column":68}},"3":{"start":{"line":6,"column":19},"end":{"line":6,"column":70}},"4":{"start":{"line":9,"column":0},"end":{"line":24,"column":3}},"5":{"start":{"line":10,"column":2},"end":{"line":23,"column":3}},"6":{"start":{"line":11,"column":33},"end":{"line":11,"column":43}},"7":{"start":{"line":14,"column":29},"end":{"line":14,"column":72}},"8":{"start":{"line":16,"column":4},"end":{"line":19,"column":7}},"9":{"start":{"line":21,"column":4},"end":{"line":21,"column":68}},"10":{"start":{"line":22,"column":4},"end":{"line":22,"column":84}},"11":{"start":{"line":26,"column":0},"end":{"line":26,"column":24}}},"fnMap":{"0":{"name":"(anonymous_0)","decl":{"start":{"line":9,"column":41},"end":{"line":9,"column":42}},"loc":{"start":{"line":9,"column":61},"end":{"line":24,"column":1}},"line":9}},"branchMap":{},"s":{"0":0,"1":0,"2":0,"3":0,"4":0,"5":0,"6":0,"7":0,"8":0,"9":0,"10":0,"11":0},"f":{"0":0},"b":{}}
,"D:\\Decentralized Attendance System\\decentralized-attendance-system\\backend\\services\\solanaService.js": {"path":"D:\\Decentralized Attendance System\\decentralized-attendance-system\\backend\\services\\solanaService.js","statementMap":{"0":{"start":{"line":2,"column":15},"end":{"line":2,"column":47}},"1":{"start":{"line":3,"column":58},"end":{"line":3,"column":84}},"2":{"start":{"line":4,"column":11},"end":{"line":4,"column":24}},"3":{"start":{"line":5,"column":11},"end":{"line":5,"column":27}},"4":{"start":{"line":6,"column":0},"end":{"line":6,"column":27}},"5":{"start":{"line":7,"column":32},"end":{"line":7,"column":67}},"6":{"start":{"line":11,"column":12},"end":{"line":11,"column":43}},"7":{"start":{"line":12,"column":18},"end":{"line":12,"column":91}},"8":{"start":{"line":13,"column":16},"end":{"line":13,"column":82}},"9":{"start":{"line":14,"column":19},"end":{"line":14,"column":55}},"10":{"start":{"line":17,"column":18},"end":{"line":17,"column":39}},"11":{"start":{"line":18,"column":28},"end":{"line":18,"column":60}},"12":{"start":{"line":19,"column":17},"end":{"line":21,"column":2}},"13":{"start":{"line":22,"column":0},"end":{"line":22,"column":29}},"14":{"start":{"line":24,"column":16},"end":{"line":24,"column":60}},"15":{"start":{"line":37,"column":28},"end":{"line":37,"column":46}},"16":{"start":{"line":39,"column":2},"end":{"line":72,"column":3}},"17":{"start":{"line":41,"column":4},"end":{"line":41,"column":42}},"18":{"start":{"line":42,"column":4},"end":{"line":42,"column":42}},"19":{"start":{"line":43,"column":4},"end":{"line":43,"column":42}},"20":{"start":{"line":44,"column":4},"end":{"line":44,"column":46}},"21":{"start":{"line":45,"column":4},"end":{"line":45,"column":57}},"22":{"start":{"line":46,"column":4},"end":{"line":46,"column":90}},"23":{"start":{"line":49,"column":15},"end":{"line":63,"column":12}},"24":{"start":{"line":66,"column":4},"end":{"line":66,"column":100}},"25":{"start":{"line":67,"column":4},"end":{"line":67,"column":50}},"26":{"start":{"line":70,"column":4},"end":{"line":70,"column":67}},"27":{"start":{"line":71,"column":4},"end":{"line":71,"column":14}},"28":{"start":{"line":79,"column":2},"end":{"line":104,"column":3}},"29":{"start":{"line":81,"column":20},"end":{"line":81,"column":86}},"30":{"start":{"line":82,"column":23},"end":{"line":82,"column":59}},"31":{"start":{"line":83,"column":16},"end":{"line":83,"column":47}},"32":{"start":{"line":84,"column":22},"end":{"line":84,"column":83}},"33":{"start":{"line":85,"column":21},"end":{"line":85,"column":57}},"34":{"start":{"line":86,"column":4},"end":{"line":86,"column":33}},"35":{"start":{"line":87,"column":20},"end":{"line":87,"column":64}},"36":{"start":{"line":90,"column":30},"end":{"line":90,"column":61}},"37":{"start":{"line":91,"column":24},"end":{"line":91,"column":81}},"38":{"start":{"line":94,"column":4},"end":{"line":100,"column":6}},"39":{"start":{"line":102,"column":4},"end":{"line":102,"column":68}},"40":{"start":{"line":103,"column":4},"end":{"line":103,"column":14}},"41":{"start":{"line":107,"column":0},"end":{"line":107,"column":64}}},"fnMap":{"0":{"name":"storeAttendanceRecord","decl":{"start":{"line":35,"column":15},"end":{"line":35,"column":36}},"loc":{"start":{"line":35,"column":93},"end":{"line":73,"column":1}},"line":35},"1":{"name":"getAttendanceRecord","decl":{"start":{"line":78,"column":15},"end":{"line":78,"column":34}},"loc":{"start":{"line":78,"column":53},"end":{"line":105,"column":1}},"line":78}},"branchMap":{"0":{"loc":{"start":{"line":13,"column":16},"end":{"line":13,"column":82}},"type":"binary-expr","locations":[{"start":{"line":13,"column":16},"end":{"line":13,"column":47}},{"start":{"line":13,"column":51},"end":{"line":13,"column":82}}],"line":13},"1":{"loc":{"start":{"line":81,"column":20},"end":{"line":81,"column":86}},"type":"binary-expr","locations":[{"start":{"line":81,"column":20},"end":{"line":81,"column":51}},{"start":{"line":81,"column":55},"end":{"line":81,"column":86}}],"line":81}},"s":{"0":1,"1":1,"2":1,"3":1,"4":1,"5":1,"6":1,"7":1,"8":1,"9":1,"10":1,"11":1,"12":1,"13":1,"14":1,"15":0,"16":0,"17":0,"18":0,"19":0,"20":0,"21":0,"22":0,"23":0,"24":0,"25":0,"26":0,"27":0,"28":0,"29":0,"30":0,"31":0,"32":0,"33":0,"34":0,"35":0,"36":0,"37":0,"38":0,"39":0,"40":0,"41":1},"f":{"0":0,"1":0},"b":{"0":[1,0],"1":[0,0]},"_coverageSchema":"1a1c01bbd47fc00a2c39e90264f33305004495a9","hash":"6d9d6057dc42747ac064519611d34c7c69ac7988"}
}
